<?xml version="1.0" encoding="UTF-8"?>
<!-- Generated by org.testng.reporters.JUnitXMLReporter -->
<testsuite ignored="0" hostname="DESKTOP-CK7339A" failures="0" tests="3" name="Submit Order Test" time="73.68" errors="0" timestamp="2023-12-17T17:31:22 IST">
  <testcase classname="Myproject.Test.submitOrderTest" name="submitOrder" time="4.663"/>
  <testcase classname="Myproject.Test.submitOrderTest" name="submitOrder" time="6.293"/>
  <testcase classname="Myproject.Test.submitOrderTest" name="OrderHistoryTest" time="1.348"/>
</testsuite> <!-- Submit Order Test -->
