<?xml version="1.0" encoding="UTF-8"?>
<!-- Generated by org.testng.reporters.JUnitXMLReporter -->
<testsuite ignored="0" hostname="DESKTOP-CK7339A" failures="0" tests="3" name="Submit Order Test" time="17.614" errors="0" timestamp="2023-12-31T12:09:39 IST">
  <testcase classname="Myproject.Test.submitOrderTest" name="submitOrder" time="3.315"/>
  <testcase classname="Myproject.Test.submitOrderTest" name="submitOrder" time="3.328"/>
  <testcase classname="Myproject.Test.submitOrderTest" name="OrderHistoryTest" time="0.74"/>
</testsuite> <!-- Submit Order Test -->
