<?xml version="1.0" encoding="UTF-8"?>
<testng-results ignored="0" total="4" passed="4" failed="0" skipped="0">
  <reporter-output>
  </reporter-output>
  <suite started-at="2023-12-31T12:09:21 IST" name="Suite" finished-at="2023-12-31T12:09:39 IST" duration-ms="17614">
    <groups>
      <group name="ErrorHandling">
        <method signature="ErrorValidationTest.loginErrorValidation()[pri:0, instance:Myproject.Test.ErrorValidationTest@5340477f]" name="loginErrorValidation" class="Myproject.Test.ErrorValidationTest"/>
      </group> <!-- ErrorHandling -->
      <group name="Purchase">
        <method signature="submitOrderTest.submitOrder(java.util.HashMap)[pri:0, instance:Myproject.Test.submitOrderTest@45d84a20]" name="submitOrder" class="Myproject.Test.submitOrderTest"/>
      </group> <!-- Purchase -->
    </groups>
    <test started-at="2023-12-31T12:09:21 IST" name="Error Validation Test" finished-at="2023-12-31T12:09:29 IST" duration-ms="7287">
      <class name="Myproject.Test.ErrorValidationTest">
        <test-method is-config="true" signature="launchApplication()[pri:0, instance:Myproject.Test.ErrorValidationTest@5340477f]" started-at="2023-12-31T12:09:21 IST" name="launchApplication" finished-at="2023-12-31T12:09:28 IST" duration-ms="6436" status="PASS">
          <reporter-output>
          </reporter-output>
        </test-method> <!-- launchApplication -->
        <test-method signature="loginErrorValidation()[pri:0, instance:Myproject.Test.ErrorValidationTest@5340477f]" started-at="2023-12-31T12:09:28 IST" name="loginErrorValidation" finished-at="2023-12-31T12:09:29 IST" duration-ms="673" status="PASS">
          <reporter-output>
          </reporter-output>
        </test-method> <!-- loginErrorValidation -->
        <test-method is-config="true" signature="tearDown()[pri:0, instance:Myproject.Test.ErrorValidationTest@5340477f]" started-at="2023-12-31T12:09:29 IST" name="tearDown" finished-at="2023-12-31T12:09:29 IST" duration-ms="105" status="PASS">
          <reporter-output>
          </reporter-output>
        </test-method> <!-- tearDown -->
      </class> <!-- Myproject.Test.ErrorValidationTest -->
    </test> <!-- Error Validation Test -->
    <test started-at="2023-12-31T12:09:21 IST" name="Submit Order Test" finished-at="2023-12-31T12:09:39 IST" duration-ms="17614">
      <class name="Myproject.Test.submitOrderTest">
        <test-method is-config="true" signature="launchApplication()[pri:0, instance:Myproject.Test.submitOrderTest@45d84a20]" started-at="2023-12-31T12:09:22 IST" name="launchApplication" finished-at="2023-12-31T12:09:26 IST" duration-ms="4354" status="PASS">
          <reporter-output>
          </reporter-output>
        </test-method> <!-- launchApplication -->
        <test-method signature="submitOrder(java.util.HashMap)[pri:0, instance:Myproject.Test.submitOrderTest@45d84a20]" started-at="2023-12-31T12:09:26 IST" name="submitOrder" data-provider="getData" finished-at="2023-12-31T12:09:29 IST" duration-ms="3315" status="PASS">
          <params>
            <param index="0">
              <value>
                <![CDATA[{password=Jhondoe@123, product_name=ZARA COAT 3, email=testdoe123@gmail.com}]]>
              </value>
            </param>
          </params>
          <reporter-output>
          </reporter-output>
        </test-method> <!-- submitOrder -->
        <test-method is-config="true" signature="tearDown()[pri:0, instance:Myproject.Test.submitOrderTest@45d84a20]" started-at="2023-12-31T12:09:29 IST" name="tearDown" finished-at="2023-12-31T12:09:29 IST" duration-ms="115" status="PASS">
          <reporter-output>
          </reporter-output>
        </test-method> <!-- tearDown -->
        <test-method is-config="true" signature="launchApplication()[pri:0, instance:Myproject.Test.submitOrderTest@45d84a20]" started-at="2023-12-31T12:09:29 IST" name="launchApplication" finished-at="2023-12-31T12:09:32 IST" duration-ms="2726" status="PASS">
          <reporter-output>
          </reporter-output>
        </test-method> <!-- launchApplication -->
        <test-method signature="submitOrder(java.util.HashMap)[pri:0, instance:Myproject.Test.submitOrderTest@45d84a20]" started-at="2023-12-31T12:09:32 IST" name="submitOrder" data-provider="getData" finished-at="2023-12-31T12:09:36 IST" duration-ms="3328" status="PASS">
          <params>
            <param index="0">
              <value>
                <![CDATA[{password=Jha@1234, product_name=ADIDAS ORIGINAL, email=shetty1234@gmail.com}]]>
              </value>
            </param>
          </params>
          <reporter-output>
          </reporter-output>
        </test-method> <!-- submitOrder -->
        <test-method is-config="true" signature="tearDown()[pri:0, instance:Myproject.Test.submitOrderTest@45d84a20]" started-at="2023-12-31T12:09:36 IST" name="tearDown" finished-at="2023-12-31T12:09:36 IST" duration-ms="129" status="PASS">
          <reporter-output>
          </reporter-output>
        </test-method> <!-- tearDown -->
        <test-method is-config="true" signature="launchApplication()[pri:0, instance:Myproject.Test.submitOrderTest@45d84a20]" started-at="2023-12-31T12:09:36 IST" name="launchApplication" finished-at="2023-12-31T12:09:38 IST" duration-ms="2449" status="PASS">
          <reporter-output>
          </reporter-output>
        </test-method> <!-- launchApplication -->
        <test-method signature="OrderHistoryTest()[pri:0, instance:Myproject.Test.submitOrderTest@45d84a20]" started-at="2023-12-31T12:09:38 IST" name="OrderHistoryTest" finished-at="2023-12-31T12:09:39 IST" depends-on-methods="Myproject.Test.submitOrderTest.submitOrder" duration-ms="740" status="PASS">
          <reporter-output>
          </reporter-output>
        </test-method> <!-- OrderHistoryTest -->
        <test-method is-config="true" signature="tearDown()[pri:0, instance:Myproject.Test.submitOrderTest@45d84a20]" started-at="2023-12-31T12:09:39 IST" name="tearDown" finished-at="2023-12-31T12:09:39 IST" duration-ms="112" status="PASS">
          <reporter-output>
          </reporter-output>
        </test-method> <!-- tearDown -->
      </class> <!-- Myproject.Test.submitOrderTest -->
    </test> <!-- Submit Order Test -->
  </suite> <!-- Suite -->
</testng-results>
